[Diagnostics] Console and File Logging Allocated Successfully!
[Diagnostics] Build Version: Jun 10 2026 21:19:23
[Diagnostics] Process ID (PID): 6196
[Diagnostics] Game Base Address: 0x7ff6b1ad0000
[Diagnostics] --- Engine Global Offsets ---
[Diagnostics] GObjects: 0xa62c060
[Diagnostics] GWorld: 0xa7b8db8
[Diagnostics] ProcessEvent: 0x1542580
[Diagnostics] --- Class Member Offsets ---
[Diagnostics] AController::Pawn Offset: 0x02F8
[Diagnostics] APlayerController::AcknowledgedPawn Offset: 0x0360
[Diagnostics] ACharacter::CharacterMovement Offset: 0x0318
[Diagnostics] Pointer Validation Check: Enabled.
[Diagnostics] Vectored Exception Handler installed successfully.
[Hooks] Resolving Dynamic AOB Signatures...
[Hooks] Initializing MinHook for DX12...
[Hooks] Waiting for d3d12.dll and dxgi.dll to be loaded...
[Hooks] Found ExecuteCommandLists: 0x00007FF868D43390
[Hooks] Found Present: 0x00007FF8A4B4D7E0
[Hooks[Hook] DX12 Hooks Enabled.s] 
Captured ID3D12CommandQueue: 0x000001D47AAB5[Diagnostics] Hooks initialized successfully!
D40
[KernelMouse] Successfully connected to Kernel Driver.
[Diag[Hooksnostics] KernelMouse Driver]  Detected & Ready to use!
A[Diagnostics] Waiting for End key to unhookttempting to ini...
tialize ImGui for DX12...
[Hooks] DX12 Device: 0x000001D47DBCAAC0, Buffers: 3
[Hooks] ImGui DX12 Initialized Successfully!
[AutoLogin] Simulating Play Online click...
[AutoLogin] Simulating Login with Steam click...
[AutoLogin] Found 3 character slots:
  Slot 1: youngest (Combat Lvl 13, Overall Lvl 147)
  Slot 2: new character (Combat Lvl 1, Overall Lvl 11)
  Slot 3: New Character (Combat Lvl 1, Overall Lvl 1)
[AutoLogin] No valid servers found matching the criteria!
[AutoLogin] Scanned 0 servers!
[AutoLogin] Please open the Server List in-game first to scan!
[AutoLogin] Selecting Character Index: 0
[AutoLogin] Simulating Enter World click...
[AutoLogin] No valid servers found matching the criteria!
[AutoLogin] No valid servers found matching the criteria!
[AutoLogin] Discovered Server: Server1 in Region: US West (IP: 54.176.130.39:7777)
[AutoLogin] Discovered Server: Server2 in Region: EU (IP: 18.184.213.129:7777)
[AutoLogin] Discovered Server: Server3 in Region: AUS (IP: 3.27.62.11:7777)
[AutoLogin] Discovered Server: Server5 in Region: EU (IP: 3.75.94.173:7777)
[AutoLogin] Discovered Server: Server6 in Region: US East (IP: 54.204.236.58:7777)
[AutoLogin] Discovered Server: Server7 in Region: US East (IP: 32.195.200.58:7777)
[AutoLogin] Scanned 6 servers!
[AutoLogin] Attempting to join randomly selected server: Server1
[AutoLogin] Found Server UI Widget! Clicking it...
[Diagnostics] Unhooking and shutting down...
[Diagnostics] Shutting down diagnostics...
