[Diagnostics] Console and File Logging Allocated Successfully!
[Diagnostics] Vectored Exception Handler installed successfully.
[Diagnostics] Starting Hook Initialization...
[Hooks] Resolving Dynamic AOB Signatures...
[Hooks] Initializing MinHook for DX12...
[Hooks] ExecuteCommandLists: 0x00007FFE0E723390
[Hooks] Creating dummy DX11 SwapChain to extract Present...
[Hooks] Present: 0x00007FFE61CAD7E0, ResizeBuffers: 0x00007FFE61CD87D0
[Hooks] Captured ID3D12Command[Hooks] DX12 Hooks Enabled.
Q[Diagnostics] Hooks initialized successfully! Waiting for End key to unhook...
ueue: 0x000001D6CEED8AD0
[Hooks] Attempting to initialize ImGui for DX12...
[Hooks] DX12 Device: 0x000001D6D1DA9920, Buffers: 3
[Hooks] ImGui DX12 Initialized Successfully!
[Diagnostics] Console cleared!
[Diagnostics] Console cleared!
[Diagnostics] Console cleared!
[Diagnostics] Console cleared!
[Diagnostics] Unhooking and exiting...
[Diagnostics] Shutting down diagnostics...
