[Diagnostics] Console and File Logging Allocated Successfully!
[Diagnostics] Build Version: Jun 10 2026 22:10:42
[Diagnostics] Process ID (PID): 11244
[Diagnostics] Game Base Address: 0x7ff79c780000
[Diagnostics] --- Engine Global Offsets ---
[Diagnostics] GObjects: 0xa62c060
[Diagnostics] GWorld: 0xa7b8db8
[Diagnostics] ProcessEvent: 0x1542580
[Diagnostics] --- Class Member Offsets ---
[Diagnostics] AController::Pawn Offset: 0x02F8
[Diagnostics] APlayerController::AcknowledgedPawn Offset: 0x0360
[Diagnostics] ACharacter::CharacterMovement Offset: 0x0318
[Diagnostics] Pointer Validation Check: Enabled.
[Diagnostics] Vectored Exception Handler installed successfully.
[Hooks] Resolving Dynamic AOB Signatures...
[Hooks] Initializing MinHook for DX12...
[Hooks] Waiting for d3d12.dll and dxgi.dll to be loaded...
[Hooks] Found ExecuteCommandLists: 0x00007FFFF2BB3390
[Hooks] Found Present: 0x00007FF8A4B4D7E0
[Hooks] DX12 Hooks Enabled.
[[DiHooks] Captured ID3D12Commanagnostics] HodQueue: 0x000oks initialized s002429EB70C20
uccessfully!
[Hooks][Kerne AlMouset]te Successfully connected tmpting to initialize ImGui for Do KeX12...
r[nelHooks] D DX12 Device: 0x00000242A1C11CD0, Briver.
[Diagnostics] KernelMouse Driver Detectuffers: 3 (2489x1359)
ed & Ready to use!
[Diagnostics] Waiting for End key to unhook...
[Hooks] ImGui DX12 Initialized Successfully!
