[Diagnostics] Console and File Logging Allocated Successfully!
[Diagnostics] Build Version: Jun 10 2026 22:10:42
[Diagnostics] Process ID (PID): 37904
[Diagnostics] Game Base Address: 0x7ff6eee70000
[Diagnostics] --- Engine Global Offsets ---
[Diagnostics] GObjects: 0xa62c060
[Diagnostics] GWorld: 0xa7b8db8
[Diagnostics] ProcessEvent: 0x1542580
[Diagnostics] --- Class Member Offsets ---
[Diagnostics] AController::Pawn Offset: 0x02F8
[Diagnostics] APlayerController::AcknowledgedPawn Offset: 0x0360
[Diagnostics] ACharacter::CharacterMovement Offset: 0x0318
[Diagnostics] Pointer Validation Check: Enabled.
[Diagnostics] Vectored Exception Handler installed successfully.
[Hooks] Resolving Dynamic AOB Signatures...
[Hooks] Initializing MinHook for DX12...
[Hooks] Waiting for d3d12.dll and dxgi.dll to be loaded...
[Hooks] Found ExecuteCommandLists: 0x00007FFFF2BB3390
[Hooks] Found Present: 0x00007FF8A4B4D7E0
[Hooks] DX12 Hooks Enabled.
[Diagnos[Hooks] Capturetics] d IDHooks3D12CommandQueue: 0x00000 ini1B0DE890950tialized
 successfully!
[Hooks] Attemp[KernelMouseting] Succe tossfully connected to Kernel Dr initiver.
[Diagnostics] ialize ImGui for KernelMDX12...
o[Hooksuse Driver Detected & Ready to use] DX12 Device: 0x!
0[D00iagn001B0E3A36F20, Buffersostics] Waiting f: 3 (2489x1or 35End k9)
ey to unhook...
[Hooks] ImGui DX12 Initialized Successfully!
