[Diagnostics] Console and File Logging Allocated Successfully!
[Diagnostics] Build Version: Jun 10 2026 18:26:19
[Diagnostics] Process ID (PID): 21228
[Diagnostics] Game Base Address: 0x7ff6b1ad0000
[Diagnostics] --- Engine Global Offsets ---
[Diagnostics] GObjects: 0xa62c060
[Diagnostics] GWorld: 0xa7b8db8
[Diagnostics] ProcessEvent: 0x1542580
[Diagnostics] --- Class Member Offsets ---
[Diagnostics] AController::Pawn Offset: 0x02F8
[Diagnostics] APlayerController::AcknowledgedPawn Offset: 0x0360
[Diagnostics] ACharacter::CharacterMovement Offset: 0x0318
[Diagnostics] Pointer Validation Check: Enabled.
[Diagnostics] Vectored Exception Handler installed successfully.
[Hooks] Resolving Dynamic AOB Signatures...
[Hooks] Initializing MinHook for DX12...
[Hooks] Waiting for d3d12.dll and dxgi.dll to be loaded...
[Hooks] Found ExecuteCommandLists: 0x00007FF8003C3390
[Hooks] Found Present: 0x00007FF8A4B4D7E0
[Hooks] DX12 Hooks Enabled.
[Diagnostics] Hooks initialized successfully!
[KernelMous[He] Successfooks] Captured ID3D12Comully connecmandQueue: 0ted txo Kernel Driver.
[Diagn000002C0711D6D70ostics] Kernel
Mouse Driver Detecte[Hooks] Attempting to initialize ImGui for DX12...d & Ready to use!

[Diagnostics][Hooks] DX12 Device: 0x Waiting for End key to unhook...
000002C07C2895F0, Buffers: 3
[Hooks] ImGui DX12 Initialized Successfully!
[Diagnostics] Unhooking and shutting down...
