[Diagnostics] Console and File Logging Allocated Successfully!
[Diagnostics] Build Version: Jun 10 2026 22:10:42
[Diagnostics] Process ID (PID): 6228
[Diagnostics] Game Base Address: 0x7ff6eee70000
[Diagnostics] --- Engine Global Offsets ---
[Diagnostics] GObjects: 0xa62c060
[Diagnostics] GWorld: 0xa7b8db8
[Diagnostics] ProcessEvent: 0x1542580
[Diagnostics] --- Class Member Offsets ---
[Diagnostics] AController::Pawn Offset: 0x02F8
[Diagnostics] APlayerController::AcknowledgedPawn Offset: 0x0360
[Diagnostics] ACharacter::CharacterMovement Offset: 0x0318
[Diagnostics] Pointer Validation Check: Enabled.
[Diagnostics] Vectored Exception Handler installed successfully.
[Hooks] Resolving Dynamic AOB Signatures...
[Hooks] Initializing MinHook for DX12...
[Hooks] Waiting for d3d12.dll and dxgi.dll to be loaded...
[Hooks] Found ExecuteCommandLists: 0x00007FFFF2213390
[Hooks] Found Present: 0x00007FF8A4B4D7E0
[Hooks] DX12 Hooks En[Hooks] Captured ID3D12CommandQueuabled.
e[Diagnostics] Hook: 0xs initiali000002156Bzed succ3C95E0
essfully!
[Hooks[KernelMouse] ] AtSuccesstfully connected to Kernel Driempting to initialize ImGvui for DX12...er.

[Hooks] DX12 [DiaDevice: 0xgnostics] KernelMou0000021573673790se Dr, Buffers: 3 (2iver Det489xe1c359)
ted & Ready to use!
[Diagnostics] Waiting fo[Hooks] ImGui DX12 r End key toInitialized Successfully unho!
ok...
