[Diagnostics] Console and File Logging Allocated Successfully!
[Diagnostics] Vectored Exception Handler installed successfully.
[Diagnostics] Starting Hook Initialization...
[Hooks] Resolving Dynamic AOB Signatures...
[Hooks] Initializing MinHook for DX12...
[Hooks] ExecuteCommandLists: 0x00007FFDA91C3390
[Hooks] Creating dummy DX11 SwapChain to extract Present...
[Hooks] Present: 0x00007FFE61CAD7E0, ResizeBuffers: 0x00007FFE61CD87D0
[Hooks] DX12 Hooks Enabled.
[[DiagHooks] Captured ID3D12CommannostidQueue: 0xcs] Hooks initialized successfully! Waiting for End key to unhook...
000001C6872ACC10
[Hooks] Attempting to initialize ImGui for DX12...
[Hooks] DX12 Device: 0x000001C68A159E20, Buffers: 3
[Hooks] ImGui DX12 Initialized Successfully!
[Diagnostics] Console cleared!
[AutoLogin] Simulating Play Online click...
[AutoLogin] W_CharacterSelection_C not found!
[AutoLogin] Iterating Server List...
[AutoLogin] Iterating Server List...
[AutoLogin] W_CharacterSelection_C not found!
[AutoLogin] Simulating Play Online click...
[Diagnostics] Console cleared!
[Diagnostics] Console cleared!
[Diagnostics] Console cleared!
[Diagnostics] Console cleared!
[Diagnostics] Console cleared!
[AutoLogin] Simulating Play Online click...
[AutoLogin] Simulating Enter World click...
[AutoLogin] Iterating Server List...
[AutoLogin] Simulating Enter World click...
[AutoLogin] Iterating Server List...
[AutoLogin] Simulating Enter World click...
[AutoLogin] Iterating Server List...
[AutoLogin] Iterating Server List...
[AutoLogin] Simulating Enter World click...
[AutoLogin] Simulating Enter World click...
[AutoLogin] Simulating Enter World click...
[AutoLogin] Iterating Server List...
[AutoLogin] Iterating Server List...
[AutoLogin] Simulating Enter World click...
[AutoLogin] Simulating Enter World click...
[Diagnostics] Console cleared!
[Diagnostics] Unhooking and exiting...
[Diagnostics] Shutting down diagnostics...
