[Diagnostics] Console and File Logging Allocated Successfully!
[Diagnostics] Build Version: Jun 10 2026 22:10:42
[Diagnostics] Process ID (PID): 27904
[Diagnostics] Game Base Address: 0x7ff6b1ad0000
[Diagnostics] --- Engine Global Offsets ---
[Diagnostics] GObjects: 0xa62c060
[Diagnostics] GWorld: 0xa7b8db8
[Diagnostics] ProcessEvent: 0x1542580
[Diagnostics] --- Class Member Offsets ---
[Diagnostics] AController::Pawn Offset: 0x02F8
[Diagnostics] APlayerController::AcknowledgedPawn Offset: 0x0360
[Diagnostics] ACharacter::CharacterMovement Offset: 0x0318
[Diagnostics] Pointer Validation Check: Enabled.
[Diagnostics] Vectored Exception Handler installed successfully.
[Hooks] Resolving Dynamic AOB Signatures...
[Hooks] Initializing MinHook for DX12...
[Hooks] Waiting for d3d12.dll and dxgi.dll to be loaded...
[Hooks] Found ExecuteCommandLists: 0x00007FFFBD1F3390
[Hooks] Found Present: 0x00007FF8A4B4D7E0
[Hooks] DX12 Hooks Enabled.
[[Diagnostics] HoHooks] Captured ID3D12CommandQueoksue: 0x initialized successfully!
000001D165CDBAB0
[KernelMouse] Suc[Hookcessfuls] Attempting to initialize ImGui for DX12...ly connected to Kernel Driver.
[Diagnostics] KernelMouse Driver Detected & Ready to use
![Hooks] DX12 Device: 0x
0[Diagnostics] Waiting for End key to unhook...
00001D165DBE2B0, Buffers: 3
[Hooks] ImGui DX12 Initialized Successfully!
[Diagnostics] Unhooking and shutting down...
[Diagnostics] Shutting down diagnostics...
