[Diagnostics] Console and File Logging Allocated Successfully!
[Diagnostics] Build Version: Jun 10 2026 22:10:42
[Diagnostics] Process ID (PID): 36080
[Diagnostics] Game Base Address: 0x7ff6b1ad0000
[Diagnostics] --- Engine Global Offsets ---
[Diagnostics] GObjects: 0xa62c060
[Diagnostics] GWorld: 0xa7b8db8
[Diagnostics] ProcessEvent: 0x1542580
[Diagnostics] --- Class Member Offsets ---
[Diagnostics] AController::Pawn Offset: 0x02F8
[Diagnostics] APlayerController::AcknowledgedPawn Offset: 0x0360
[Diagnostics] ACharacter::CharacterMovement Offset: 0x0318
[Diagnostics] Pointer Validation Check: Enabled.
[Diagnostics] Vectored Exception Handler installed successfully.
[Hooks] Resolving Dynamic AOB Signatures...
[Hooks] Initializing MinHook for DX12...
[Hooks] Waiting for d3d12.dll and dxgi.dll to be loaded...
[Hooks] Found ExecuteCommandLists: 0x00007FFFF46F3390
[Hooks] Found Present: 0x00007FF8A4B4D7E0
[Hooks] DX12 Hooks Enabled.
[Diagnostics] Hooks initialized successfully!
[Hooks] Captured ID3D12CommandQu[KernelMouse] Successfully connecteeue: 0xd to Kernel Driver.
[Diagnostics] KernelMouse Driver Detected & Ready to use!
0[00001B006C31B80
Diagnostics] Waiting[Hooks] Attempting to initialize ImGui for DX12... for End key to unhook...

[Hooks] DX12 Device: 0x000001B071D19E80, Buffers: 3 (2489x1359)
[Hooks] ImGui DX12 Initialized Successfully!
