[Diagnostics] Console and File Logging Allocated Successfully!
[Diagnostics] Vectored Exception Handler installed successfully.
[Diagnostics] Starting Hook Initialization...
[Hooks] Resolving Dynamic AOB Signatures...
[Hooks] Initializing MinHook for DX12...
[Hooks] ExecuteCommandLists: 0x00007FFE0E723390
[Hooks] Creating dummy DX11 SwapChain to extract Present...
[Hooks] Present: 0x00007FFE61CAD7E0, ResizeBuffers: 0x00007FFE61CD87D0
[Hooks] Captu[Hoored ID3D12CommandQueueks]: 0x 000001DBDX1629ED2460 Hooks Ena
bled.
[Hooks] Attempting t[Diagnostics] Hoo initializeo ImGui for Dks initialized successfuX12...lly! Waiting 
for End[Hooks] D key to unhook...
X12 Device: 0x000001DB65877340, Buffers: 3
[Hooks] ImGui DX12 Initialized Successfully!
[AutoLogin] Simulating Play Online click...
[AutoLogin] Simulating Login with Steam click...
[AutoLogin] Simulating Login with Steam click...
[AutoLogin] Simulating Login with Steam click...
[AutoLogin] Simulating Login with Steam click...
[AutoLogin] Simulating Login with Steam click...
[AutoLogin] Simulating Login with Steam click...
[AutoLogin] Simulating Enter World click...
[AutoLogin] W_ServerSlotsList_C not found!
[AutoLogin] Simulating Login with Steam click...
[AutoLogin] Simulating Enter World click...
[AutoLogin] Simulating Enter World click...
[Diagnostics] Console cleared!
[Diagnostics] Console cleared!
[Diagnostics] Console cleared!
[Diagnostics] Console cleared!
[AutoLogin] Simulating Login with Steam click...
[Diagnostics] Unhooking and exiting...

==================================================
[CRASH] FATAL EXCEPTION CAUGHT!
[CRASH] Exception Code: 0x8000
[CRASH] Exception Address: 0x00007FFE64E01B6A
[CRASH] Offset from Game Base: 0x72fbc1b6a
[CRASH] RAX: 0x43000a000d000a | RBX: 0x88ceffb78
[CRASH] RCX: 0x6b006300650068 | RDX: 0x67006f006c0020
[CRASH] RSI: 0x0 | RDI: 0x8000
[CRASH] RBP: 0x1 | RSP: 0x88ceff990
[CRASH] RIP: 0x7ffe64e01b6a
==================================================

