[Diagnostics] Console and File Logging Allocated Successfully!
[Diagnostics] Build Version: Jun 10 2026 22:10:42
[Diagnostics] Process ID (PID): 18124
[Diagnostics] Game Base Address: 0x7ff6b1ad0000
[Diagnostics] --- Engine Global Offsets ---
[Diagnostics] GObjects: 0xa62c060
[Diagnostics] GWorld: 0xa7b8db8
[Diagnostics] ProcessEvent: 0x1542580
[Diagnostics] --- Class Member Offsets ---
[Diagnostics] AController::Pawn Offset: 0x02F8
[Diagnostics] APlayerController::AcknowledgedPawn Offset: 0x0360
[Diagnostics] ACharacter::CharacterMovement Offset: 0x0318
[Diagnostics] Pointer Validation Check: Enabled.
[Diagnostics] Vectored Exception Handler installed successfully.
[Hooks] Resolving Dynamic AOB Signatures...
[Hooks] Initializing MinHook for DX12...
[Hooks] Waiting for d3d12.dll and dxgi.dll to be loaded...
[Hooks] Found ExecuteCommandLists: 0x00007FF868D43390
[Hooks] Found Present: 0x00007FF8A4B4D7E0
[Hooks] DX12 Hooks Enabled.
[Hooks] Captured ID3D12CommandQueue: 0x[Diagnostic0000019F447DA2F0
s] Hooks initialized successfully!
[Hooks] Attempting to initialize ImGui for DX12...
[[Hooks] DX12 Device: 0xKernelMouse] Successfully 0000019F8F75A880, Buffers:connecte 3 (d 2489xto Kernel D1359)river.

[Diagnostics] KernelMouse Driver Detected & Ready to use!
[[Diagnostics] Waiting fHooks] ImGui DX12 or End key to unhook...
Initialized Successfully!
[AutoLogin] State: Going Online...
[AutoLogin] Simulating Login with Steam click...
[AutoLogin] State: Going Online...
[AutoLogin] Simulating Login with Steam click...
[AutoLogin] State: Going Online...
[AutoLogin] Simulating Enter World click...
[AutoLogin] State: Going Online...
[AutoLogin] Discovered Server: Server1 in Region: US West (IP: 54.176.130.39:7777)
[AutoLogin] Discovered Server: Server2 in Region: EU (IP: 18.184.213.129:7777)
[AutoLogin] Discovered Server: Server3 in Region: AUS (IP: 3.27.62.11:7777)
[AutoLogin] Discovered Server: Server5 in Region: EU (IP: 3.75.94.173:7777)
[AutoLogin] Discovered Server: Server6 in Region: US East (IP: 54.204.236.58:7777)
[AutoLogin] Discovered Server: Server7 in Region: US East (IP: 32.195.200.58:7777)
[AutoLogin] Scanned 6 servers!
[AutoLogin] Found 3 character slots:
  Slot 1: youngest (Combat Lvl 13, Overall Lvl 148)
  Slot 2: new character (Combat Lvl 1, Overall Lvl 11)
  Slot 3: New Character (Combat Lvl 1, Overall Lvl 1)
[AutoLogin] Attempting to join randomly selected server: Server5
[AutoLogin] Found Server UI Widget! Clicking it...
