[Diagnostics] Console and File Logging Allocated Successfully!
[Diagnostics] Build Version: Jun 10 2026 22:10:42
[Diagnostics] Process ID (PID): 17964
[Diagnostics] Game Base Address: 0x7ff6b1ad0000
[Diagnostics] --- Engine Global Offsets ---
[Diagnostics] GObjects: 0xa62c060
[Diagnostics] GWorld: 0xa7b8db8
[Diagnostics] ProcessEvent: 0x1542580
[Diagnostics] --- Class Member Offsets ---
[Diagnostics] AController::Pawn Offset: 0x02F8
[Diagnostics] APlayerController::AcknowledgedPawn Offset: 0x0360
[Diagnostics] ACharacter::CharacterMovement Offset: 0x0318
[Diagnostics] Pointer Validation Check: Enabled.
[Diagnostics] Vectored Exception Handler installed successfully.
[Hooks] Resolving Dynamic AOB Signatures...
[Hooks] Initializing MinHook for DX12...
[Hooks] Waiting for d3d12.dll and dxgi.dll to be loaded...
[Hooks] Found ExecuteCommandLists: 0x00007FFFF2BB3390
[Hooks] Found Present: 0x00007FF8A4B4D7E0
[Hooks] DX12 Hooks Enabled.
[Hooks] Captured ID3D12CommandQueue: 0x[Diag00n0001E28CCostics2] Hooks init84F0
ialized successfully!
[Hooks][KernelMouse] Successfull Attempting to initialize ImGui for DX12y connected to Kernel Driver.
[Diagnostics] KernelMouse Driver Detected & Ready to use!
.[Diag..
n[Hooks] DX12 Device: 0xostics] Wait000001E2F7F4E6B0, Buffers: ing for End k3 (ey to unhook...
2489x1359)
[Hooks] ImGui DX12 Initialized Successfully!
