[Diagnostics] Console and File Logging Allocated Successfully!
[Diagnostics] Build Version: Jun 10 2026 18:26:19
[Diagnostics] Process ID (PID): 10528
[Diagnostics] Game Base Address: 0x7ff735240000
[Diagnostics] --- Engine Global Offsets ---
[Diagnostics] GObjects: 0xa62c060
[Diagnostics] GWorld: 0xa7b8db8
[Diagnostics] ProcessEvent: 0x1542580
[Diagnostics] --- Class Member Offsets ---
[Diagnostics] AController::Pawn Offset: 0x02F8
[Diagnostics] APlayerController::AcknowledgedPawn Offset: 0x0360
[Diagnostics] ACharacter::CharacterMovement Offset: 0x0318
[Diagnostics] Pointer Validation Check: Enabled.
[Diagnostics] Vectored Exception Handler installed successfully.
[Hooks] Resolving Dynamic AOB Signatures...
[Hooks] Initializing MinHook for DX12...
[Hooks] Waiting for d3d12.dll and dxgi.dll to be loaded...
[Hooks] Found ExecuteCommandLists: 0x00007FFDC89F3390
[Hooks] Found Present: 0x00007FFE61CAD7E0
[Hooks] DX12 Hooks Enab[Hooled.ks] Captured ID3
D[D12CommandQueue: 0xi000001B085F448C0agnostics] Hooks initialized succes
sfully! Waiting for End key to unhook...
[Hooks] Attempting to initialize ImGui for DX12...
[Hooks] DX12 Device: 0x000001B088F2EBE0, Buffers: 3
[Hooks] ImGui DX12 Initialized Successfully!
[AutoLogin] Simulating Login with Steam click...
[AutoLogin] Iterating Server List...
[AutoLogin] No valid servers found matching the criteria!
[AutoLogin] Scanned 0 servers!
[AutoLogin] Scanned 0 servers!
[AutoLogin] Scanned 0 servers!
[AutoLogin] Scanned 0 servers!
[AutoLogin] Scanned 0 servers!
[AutoLogin] Scanned 0 servers!
[AutoLogin] Scanned 0 servers!
[AutoLogin] Scanned 0 servers!
[Diagnostics] Console cleared!
[Diagnostics] Unhooking and shutting down...
