[Diagnostics] Console and File Logging Allocated Successfully!
[Diagnostics] Build Version: Jun 11 2026 00:58:27
[Diagnostics] Process ID (PID): 40496
[Diagnostics] Game Base Address: 0x7ff613e60000
[Diagnostics] --- Engine Global Offsets ---
[Diagnostics] GObjects: 0xa62c060
[Diagnostics] GWorld: 0xa7b8db8
[Diagnostics] ProcessEvent: 0x1542580
[Diagnostics] --- Class Member Offsets ---
[Diagnostics] AController::Pawn Offset: 0x02F8
[Diagnostics] APlayerController::AcknowledgedPawn Offset: 0x0360
[Diagnostics] ACharacter::CharacterMovement Offset: 0x0318
[Diagnostics] Pointer Validation Check: Enabled.
[Diagnostics] Vectored Exception Handler installed successfully.
[Hooks] Resolving Dynamic AOB Signatures...
[Hooks] Initializing MinHook for DX12...
[Hooks] Waiting for d3d12.dll and dxgi.dll to be loaded...
[Hooks] Found ExecuteCommandLists: 0x00007FF811553390
[Hooks] Found Present: 0x00007FF8A4B4D7E0
[Hooks] DX12 Hooks Enabled.
[Hooks] Captured ID3D12CommandQueue: 0x[Diagnostics] Hooks initialized successf000001E868161330
ully!
[KernelMouse] Successfully connected to Kernel Driver.
[Diagnostics] KernelM[Hooks] Attempting to initialize ImGui ouse Driver Detected & Ready to use!
f[Diagnostics] Wor DX12...
a[Hooks] DX12 Deiting for End key to unhook...
vice: 0x000001E85FF7D0F0, Buffers: 3 (2489x1359)
[Hooks] ImGui DX12 Initialized Successfully!
[AutoLogin] State: Going Online...
[AutoLogin] State: Heading to Character Selection...
[AutoLogin] State: Picking Servers...
[AutoLogin] Auto-Scanned 6 servers!
[AutoLogin] State: Connecting to Server1
[AutoLogin] State: Connected! Successfully loaded into game world.
[AutoLogin] Selecting Character Index: 0
[AutoLogin] Simulating Enter World click...
[AutoLogin] State: Connected! Successfully loaded into game world.
[AutoLogin] Selecting Character Index: 0
[AutoLogin] Simulating Enter World click...
[AutoLogin] State: Connected! Successfully loaded into game world.
[AutoLogin] Selecting Character Index: 0
[AutoLogin] Simulating Enter World click...
[AutoLogin] State: Connected! Successfully loaded into game world.
[Diagnostics] Console cleared!
